<?xml version="1.0" encoding="UTF-8"?>
<!-- Generated by org.testng.reporters.JUnitReportReporter -->
<testsuite hostname="Narsimulu" failures="0" tests="1" name="practice.SamplePractice" time="0.020" errors="0" timestamp="2023-03-21T14:04:00 IST" skipped="0">
  <testcase classname="practice.SamplePractice" name="practice" time="0.020"/>
  <system-out/>
</testsuite> <!-- practice.SamplePractice -->
